<?xml version="1.0" encoding="UTF-8"?>
<templateSet group="JUnit 4">
  <template name="test" value="@org.junit.Test&#10;public void $name$() {&#10;    $END$&#10;}" description="test" toReformat="true" toShortenFQNames="true">
    <variable name="name" expression="" defaultValue="&quot;should&quot;" alwaysStopAt="true" />
    <context>
      <option name="HTML_TEXT" value="false" />
      <option name="HTML" value="false" />
      <option name="XSL_TEXT" value="false" />
      <option name="XML" value="false" />
      <option name="JAVA_CODE" value="false" />
      <option name="JAVA_STATEMENT" value="false" />
      <option name="JAVA_EXPRESSION" value="false" />
      <option name="JAVA_DECLARATION" value="true" />
      <option name="JAVA_COMMENT" value="false" />
      <option name="JAVA_STRING" value="false" />
      <option name="COMPLETION" value="false" />
      <option name="GROOVY" value="false" />
      <option name="GROOVY_EXPRESSION" value="false" />
      <option name="GROOVY_STATEMENT" value="false" />
      <option name="GROOVY_DECLARATION" value="false" />
      <option name="MAVEN" value="false" />
      <option name="OTHER" value="false" />
    </context>
  </template>
  <template name="setup" value="@org.junit.Before&#10;public void setUp() {&#10;    $END$        &#10;}" description="@Before setup block" toReformat="true" toShortenFQNames="true">
    <context>
      <option name="HTML_TEXT" value="false" />
      <option name="HTML" value="false" />
      <option name="XSL_TEXT" value="false" />
      <option name="XML" value="false" />
      <option name="JAVA_CODE" value="true" />
      <option name="JAVA_STATEMENT" value="true" />
      <option name="JAVA_EXPRESSION" value="true" />
      <option name="JAVA_DECLARATION" value="true" />
      <option name="JAVA_COMMENT" value="true" />
      <option name="JAVA_STRING" value="true" />
      <option name="COMPLETION" value="true" />
      <option name="GROOVY" value="false" />
      <option name="GROOVY_EXPRESSION" value="false" />
      <option name="GROOVY_STATEMENT" value="false" />
      <option name="GROOVY_DECLARATION" value="false" />
      <option name="MAVEN" value="false" />
      <option name="OTHER" value="false" />
    </context>
  </template>
</templateSet>

